This is LuaHBTeX, Version 1.17.1 (MiKTeX 24.1) (format=lualatex 2025.12.22)  11 JAN 2026 22:01
 restricted system commands enabled.
 file:line:error style messages enabled.
**d:/Workspace/graduation-thesis/graduation-thesis/main
(d:/Workspace/graduation-thesis/graduation-thesis/main.tex
LaTeX2e <2023-11-01> patch level 1
L3 programming layer <2024-01-04>
Lua module: luaotfload 2023-08-31 3.26 Lua based OpenType font support
Lua module: lualibs 2023-07-13 2.76 ConTeXt Lua standard libraries.
Lua module: lualibs-extended 2023-07-13 2.76 ConTeXt Lua libraries -- extended c
ollection.
luaotfload | conf : Root cache directory is "C:/Users/JS/AppData/Local/MiKTeX/lu
atex-cache/generic/names".
luaotfload | init : Loading fontloader "fontloader-2023-08-19.lua" from kpse-res
olved path "D:/Program Files/MiKTeX/tex/luatex/luaotfload/fontloader-2023-08-19.
lua".
Lua-only attribute luaotfload@noligature = 1
luaotfload | init : Context OpenType loader version 3.133
Inserting `luaotfload.node_processor' in `pre_linebreak_filter'.
Inserting `luaotfload.node_processor' in `hpack_filter'.
Inserting `luaotfload.glyph_stream' in `glyph_stream_provider'.
Inserting `luaotfload.define_font' in `define_font'.
Lua-only attribute luaotfload_color_attribute = 2
luaotfload | conf : Root cache directory is "C:/Users/JS/AppData/Local/MiKTeX/lu
atex-cache/generic/names".
Inserting `luaotfload.harf.strip_prefix' in `find_opentype_file'.
Inserting `luaotfload.harf.strip_prefix' in `find_truetype_file'.
Removing  `luaotfload.glyph_stream' from `glyph_stream_provider'.
Inserting `luaotfload.harf.glyphstream' in `glyph_stream_provider'.
Inserting `luaotfload.harf.finalize_vlist' in `post_linebreak_filter'.
Inserting `luaotfload.harf.finalize_hlist' in `hpack_filter'.
Inserting `luaotfload.cleanup_files' in `wrapup_run'.
Inserting `luaotfload.harf.finalize_unicode' in `finish_pdffile'.
Inserting `luaotfload.glyphinfo' in `glyph_info'.
Lua-only attribute luaotfload.letterspace_done = 3
Inserting `luaotfload.aux.set_sscale_dimens' in `luaotfload.patch_font'.
Inserting `luaotfload.aux.set_font_index' in `luaotfload.patch_font'.
Inserting `luaotfload.aux.patch_cambria_domh' in `luaotfload.patch_font'.
Inserting `luaotfload.aux.fixup_fontdata' in `luaotfload.patch_font_unsafe'.
Inserting `luaotfload.aux.set_capheight' in `luaotfload.patch_font'.
Inserting `luaotfload.aux.set_xheight' in `luaotfload.patch_font'.
Inserting `luaotfload.rewrite_fontname' in `luaotfload.patch_font'.
Inserting `tracingstacklevels' in `input_level_string'. (./uetgraduation.cls
Document Class: uetgraduation 2024/12/31 LaTeX document class for Vietnam Natio
nal University, University of Engineering and Technology (VNU-UET) graduation d
ocuments. 
(./sizes.clo
File: sizes.clo 
\@sb=\dimen139
luaotfload | db : Font names database loaded from C:/Users/JS/AppData/Local/MiKT
eX/luatex-cache/generic/names/luaotfload-names.luc.gz) ("D:/Program Files/MiKTe
X/tex/latex/amsmath/amsmath.sty"
Package: amsmath 2023/05/13 v2.17o AMS math features
\@mathmargin=\skip48

For additional information on amsmath, use the `?' option.
("D:/Program Files/MiKTeX/tex/latex/amsmath/amstext.sty"
Package: amstext 2021/08/26 v2.01 AMS text

("D:/Program Files/MiKTeX/tex/latex/amsmath/amsgen.sty"
File: amsgen.sty 1999/11/30 v2.0 generic functions
\@emptytoks=\toks17
\ex@=\dimen140
))
("D:/Program Files/MiKTeX/tex/latex/amsmath/amsbsy.sty"
Package: amsbsy 1999/11/29 v1.2d Bold Symbols
\pmbraise@=\dimen141
)
("D:/Program Files/MiKTeX/tex/latex/amsmath/amsopn.sty"
Package: amsopn 2022/04/08 v2.04 operator names
)
\inf@bad=\count185
LaTeX Info: Redefining \frac on input line 236.
\uproot@=\count186
\leftroot@=\count187
LaTeX Info: Redefining \overline on input line 399.
LaTeX Info: Redefining \colon on input line 410.
\classnum@=\count188
\DOTSCASE@=\count189
LaTeX Info: Redefining \ldots on input line 496.
LaTeX Info: Redefining \dots on input line 499.
LaTeX Info: Redefining \cdots on input line 620.
\Mathstrutbox@=\box51
\strutbox@=\box52
LaTeX Info: Redefining \big on input line 722.
LaTeX Info: Redefining \Big on input line 723.
LaTeX Info: Redefining \bigg on input line 724.
LaTeX Info: Redefining \Bigg on input line 725.
\big@size=\dimen142
LaTeX Font Info:    Redeclaring font encoding OML on input line 743.
LaTeX Font Info:    Redeclaring font encoding OMS on input line 744.
\macc@depth=\count190
LaTeX Info: Redefining \bmod on input line 905.
LaTeX Info: Redefining \pmod on input line 910.
LaTeX Info: Redefining \smash on input line 940.
LaTeX Info: Redefining \relbar on input line 970.
LaTeX Info: Redefining \Relbar on input line 971.
\c@MaxMatrixCols=\count191
\dotsspace@=\muskip16
\c@parentequation=\count192
\dspbrk@lvl=\count193
\tag@help=\toks18
\row@=\count194
\column@=\count195
\maxfields@=\count196
\andhelp@=\toks19
\eqnshift@=\dimen143
\alignsep@=\dimen144
\tagshift@=\dimen145
\tagwidth@=\dimen146
\totwidth@=\dimen147
\lineht@=\dimen148
\@envbody=\toks20
\multlinegap=\skip49
\multlinetaggap=\skip50
\mathdisplay@stack=\toks21
LaTeX Info: Redefining \[ on input line 2953.
LaTeX Info: Redefining \] on input line 2954.
)
(C:/Users/JS/AppData/Roaming/MiKTeX/tex/latex/float/float.sty
Package: float 2001/11/08 v1.3d Float enhancements (AL)
\c@float@type=\count197
\float@exts=\toks22
\float@box=\box53
\@float@everytoks=\toks23
\@floatcapt=\box54
)
(C:/Users/JS/AppData/Roaming/MiKTeX/tex/latex/geometry/geometry.sty
Package: geometry 2020/01/02 v5.9 Page Geometry

("D:/Program Files/MiKTeX/tex/latex/graphics/keyval.sty"
Package: keyval 2022/05/29 v1.15 key=value parser (DPC)
\KV@toks@=\toks24
)
("D:/Program Files/MiKTeX/tex/generic/iftex/ifvtex.sty"
Package: ifvtex 2019/10/25 v1.7 ifvtex legacy package. Use iftex instead.

("D:/Program Files/MiKTeX/tex/generic/iftex/iftex.sty"
Package: iftex 2022/02/03 v1.0f TeX engine tests
))
\Gm@cnth=\count198
\Gm@cntv=\count199
\c@Gm@tempcnt=\count266
\Gm@bindingoffset=\dimen149
\Gm@wd@mp=\dimen150
\Gm@odd@mp=\dimen151
\Gm@even@mp=\dimen152
\Gm@layoutwidth=\dimen153
\Gm@layoutheight=\dimen154
\Gm@layouthoffset=\dimen155
\Gm@layoutvoffset=\dimen156
\Gm@dimlist=\toks25

(C:/Users/JS/AppData/Roaming/MiKTeX/tex/latex/geometry/geometry.cfg))
("D:/Program Files/MiKTeX/tex/latex/fontspec/fontspec.sty"
("D:/Program Files/MiKTeX/tex/latex/l3packages/xparse/xparse.sty"
("D:/Program Files/MiKTeX/tex/latex/l3kernel/expl3.sty"
Package: expl3 2024-01-04 L3 programming layer (loader) 

("D:/Program Files/MiKTeX/tex/latex/l3backend/l3backend-luatex.def"
File: l3backend-luatex.def 2024-01-04 L3 backend support: PDF output (LuaTeX)
\l__color_backend_stack_int=\count267
Inserting `l3color' in `luaotfload.parse_color'.
\l__pdf_internal_box=\box55
))
Package: xparse 2023-10-10 L3 Experimental document command parser
)
Package: fontspec 2022/01/15 v2.8a Font selection for XeLaTeX and LuaLaTeX
Lua module: fontspec 2022/01/15 2.8a Font selection for XeLaTeX and LuaLaTeX
("D:/Program Files/MiKTeX/tex/latex/fontspec/fontspec-luatex.sty"
Package: fontspec-luatex 2022/01/15 v2.8a Font selection for XeLaTeX and LuaLaT
eX
\l__fontspec_script_int=\count268
\l__fontspec_language_int=\count269
\l__fontspec_strnum_int=\count270
\l__fontspec_tmp_int=\count271
\l__fontspec_tmpa_int=\count272
\l__fontspec_tmpb_int=\count273
\l__fontspec_tmpc_int=\count274
\l__fontspec_em_int=\count275
\l__fontspec_emdef_int=\count276
\l__fontspec_strong_int=\count277
\l__fontspec_strongdef_int=\count278
\l__fontspec_tmpa_dim=\dimen157
\l__fontspec_tmpb_dim=\dimen158
\l__fontspec_tmpc_dim=\dimen159

("D:/Program Files/MiKTeX/tex/latex/base/fontenc.sty"
Package: fontenc 2021/04/29 v2.0v Standard LaTeX package
)
("D:/Program Files/MiKTeX/tex/latex/fontspec/fontspec.cfg")))
("D:/Program Files/MiKTeX/tex/latex/graphics/graphicx.sty"
Package: graphicx 2021/09/16 v1.2d Enhanced LaTeX Graphics (DPC,SPQR)

("D:/Program Files/MiKTeX/tex/latex/graphics/graphics.sty"
Package: graphics 2022/03/10 v1.4e Standard LaTeX Graphics (DPC,SPQR)

("D:/Program Files/MiKTeX/tex/latex/graphics/trig.sty"
Package: trig 2021/08/11 v1.11 sin cos tan (DPC)
)
("D:/Program Files/MiKTeX/tex/latex/graphics-cfg/graphics.cfg"
File: graphics.cfg 2016/06/04 v1.11 sample graphics configuration
)
Package graphics Info: Driver file: luatex.def on input line 107.

("D:/Program Files/MiKTeX/tex/latex/graphics-def/luatex.def"
File: luatex.def 2022/09/22 v1.2d Graphics/color driver for luatex
))
\Gin@req@height=\dimen160
\Gin@req@width=\dimen161
)
(C:/Users/JS/AppData/Roaming/MiKTeX/tex/latex/was/icomma.sty
Package: icomma 2002/03/10 v2.0 (WaS)
)
("D:/Program Files/MiKTeX/tex/latex/tools/indentfirst.sty"
Package: indentfirst 2023/07/02 v1.03 Indent first paragraph (DPC)
)
(C:/Users/JS/AppData/Roaming/MiKTeX/tex/latex/mathfont/mathfont.sty
Package: mathfont 2025/06/05 v. 2.4a
\M@loader=\count279
Package mathfont Info: Package fontspec was requested for font loading.
Package mathfont Info: Package fontspec detected.
Package mathfont Info: Setting \g__fontspec_math_bool to false.
Package mathfont Info: Using fontspec as font-loader.
Package mathfont Info: Enabling Lua-based font adjustments.
Package mathfont Info: Adapting \set@mathchar for unicode.
Package mathfont Info: Adapting \set@mathsymbol for unicode.
Package mathfont Info: Adapting \set@mathaccent for unicode.
Package mathfont Info: Increasing upper bound on \DeclareSymbolFont to 256.
\surdbox=\box56
\M@count=\count280
\M@num@localfonts=\count281
\M@RuleThicknessFactor=\count282
\M@IntegralItalicFactor=\count283
\M@SurdVerticalFactor=\count284
\M@SurdHorizontalFactor=\count285
\radicandoffset=\muskip17
\M@Charm=\read2
\M@toks=\toks26
Inserting `mathfont.adjust_font' in `luaotfload.patch_font'.)
:: mathfont :: Using fontspec as font-loader.
:: mathfont :: Lua-based font adjustments enabled.
(C:/Users/JS/AppData/Roaming/MiKTeX/tex/latex/siunitx/siunitx.sty
Package: siunitx 2025-07-09 v3.4.14 A comprehensive (SI) units package
\l__siunitx_number_uncert_offset_int=\count286
\l__siunitx_number_exponent_fixed_int=\count287
\l__siunitx_number_min_decimal_int=\count288
\l__siunitx_number_min_integer_int=\count289
\l__siunitx_number_round_precision_int=\count290
\l__siunitx_number_lower_threshold_int=\count291
\l__siunitx_number_upper_threshold_int=\count292
\l__siunitx_number_group_first_int=\count293
\l__siunitx_number_group_size_int=\count294
\l__siunitx_number_group_minimum_int=\count295
\l__siunitx_angle_tmp_dim=\dimen162
\l__siunitx_angle_marker_box=\box57
\l__siunitx_angle_unit_box=\box58
\l__siunitx_compound_count_int=\count296

(C:/Users/JS/AppData/Roaming/MiKTeX/tex/latex/translations/translations.sty
Package: translations 2022/02/05 v1.12 internationalization of LaTeX2e packages
 (CN)

("D:/Program Files/MiKTeX/tex/latex/etoolbox/etoolbox.sty"
Package: etoolbox 2020/10/05 v2.5k e-TeX tools for LaTeX (JAW)
\etb@tempcnta=\count297
)
("D:/Program Files/MiKTeX/tex/generic/pdftexcmds/pdftexcmds.sty"
Package: pdftexcmds 2020-06-27 v0.33 Utility functions of pdfTeX for LuaTeX (HO
)

(C:/Users/JS/AppData/Roaming/MiKTeX/tex/generic/infwarerr/infwarerr.sty
Package: infwarerr 2019/12/03 v1.5 Providing info/warning/error messages (HO)
)
(C:/Users/JS/AppData/Roaming/MiKTeX/tex/generic/ltxcmds/ltxcmds.sty
Package: ltxcmds 2023-12-04 v1.26 LaTeX kernel commands for general use (HO)
)
Package pdftexcmds Info: \pdf@primitive is available.
Package pdftexcmds Info: \pdf@ifprimitive is available.
Package pdftexcmds Info: \pdfdraftmode found.
\pdftexcmds@toks=\toks27
))
\l__siunitx_table_tmp_box=\box59
\l__siunitx_table_tmp_dim=\dimen163
\l__siunitx_table_column_width_dim=\dimen164
\l__siunitx_table_integer_box=\box60
\l__siunitx_table_decimal_box=\box61
\l__siunitx_table_uncert_box=\box62
\l__siunitx_table_before_box=\box63
\l__siunitx_table_after_box=\box64
\l__siunitx_table_before_dim=\dimen165
\l__siunitx_table_carry_dim=\dimen166
\l__siunitx_unit_tmp_int=\count298
\l__siunitx_unit_position_int=\count299
\l__siunitx_unit_total_int=\count300

("D:/Program Files/MiKTeX/tex/latex/tools/array.sty"
Package: array 2023/10/16 v2.5g Tabular extension package (FMi)
\col@sep=\dimen167
\ar@mcellbox=\box65
\extrarowheight=\dimen168
\NC@list=\toks28
\extratabsurround=\skip51
\backup@length=\skip52
\ar@cellbox=\box66
))
("D:/Program Files/MiKTeX/tex/latex/pgf/frontendlayer/tikz.sty"
("D:/Program Files/MiKTeX/tex/latex/pgf/basiclayer/pgf.sty"
("D:/Program Files/MiKTeX/tex/latex/pgf/utilities/pgfrcs.sty"
("D:/Program Files/MiKTeX/tex/generic/pgf/utilities/pgfutil-common.tex"
\pgfutil@everybye=\toks29
\pgfutil@tempdima=\dimen169
\pgfutil@tempdimb=\dimen170
)
("D:/Program Files/MiKTeX/tex/generic/pgf/utilities/pgfutil-latex.def"
\pgfutil@abb=\box67
)
("D:/Program Files/MiKTeX/tex/generic/pgf/utilities/pgfrcs.code.tex"
("D:/Program Files/MiKTeX/tex/generic/pgf/pgf.revision.tex")
Package: pgfrcs 2023-01-15 v3.1.10 (3.1.10)
))
Package: pgf 2023-01-15 v3.1.10 (3.1.10)

("D:/Program Files/MiKTeX/tex/latex/pgf/basiclayer/pgfcore.sty"
("D:/Program Files/MiKTeX/tex/latex/pgf/systemlayer/pgfsys.sty"
("D:/Program Files/MiKTeX/tex/generic/pgf/systemlayer/pgfsys.code.tex"
Package: pgfsys 2023-01-15 v3.1.10 (3.1.10)

("D:/Program Files/MiKTeX/tex/generic/pgf/utilities/pgfkeys.code.tex"
\pgfkeys@pathtoks=\toks30
\pgfkeys@temptoks=\toks31

("D:/Program Files/MiKTeX/tex/generic/pgf/utilities/pgfkeyslibraryfiltered.code
.tex"
\pgfkeys@tmptoks=\toks32
))
\pgf@x=\dimen171
\pgf@y=\dimen172
\pgf@xa=\dimen173
\pgf@ya=\dimen174
\pgf@xb=\dimen175
\pgf@yb=\dimen176
\pgf@xc=\dimen177
\pgf@yc=\dimen178
\pgf@xd=\dimen179
\pgf@yd=\dimen180
\w@pgf@writea=\write3
\r@pgf@reada=\read3
\c@pgf@counta=\count301
\c@pgf@countb=\count302
\c@pgf@countc=\count303
\c@pgf@countd=\count304
\t@pgf@toka=\toks33
\t@pgf@tokb=\toks34
\t@pgf@tokc=\toks35
\pgf@sys@id@count=\count305
 ("D:/Program Files/MiKTeX/tex/generic/pgf/systemlayer/pgf.cfg"
File: pgf.cfg 2023-01-15 v3.1.10 (3.1.10)
)
Driver file for pgf: pgfsys-luatex.def

("D:/Program Files/MiKTeX/tex/generic/pgf/systemlayer/pgfsys-luatex.def"
File: pgfsys-luatex.def 2023-01-15 v3.1.10 (3.1.10)

("D:/Program Files/MiKTeX/tex/generic/pgf/systemlayer/pgfsys-common-pdf.def"
File: pgfsys-common-pdf.def 2023-01-15 v3.1.10 (3.1.10)
))) ("D:/Program Files/MiKTeX/tex/generic/pgf/systemlayer/pgfsyssoftpath.code.t
ex"
File: pgfsyssoftpath.code.tex 2023-01-15 v3.1.10 (3.1.10)
\pgfsyssoftpath@smallbuffer@items=\count306
\pgfsyssoftpath@bigbuffer@items=\count307
) ("D:/Program Files/MiKTeX/tex/generic/pgf/systemlayer/pgfsysprotocol.code.tex
"
File: pgfsysprotocol.code.tex 2023-01-15 v3.1.10 (3.1.10)
)) ("D:/Program Files/MiKTeX/tex/latex/xcolor/xcolor.sty"
Package: xcolor 2023/11/15 v3.01 LaTeX color extensions (UK)

("D:/Program Files/MiKTeX/tex/latex/graphics-cfg/color.cfg"
File: color.cfg 2016/01/02 v1.6 sample color configuration
)
Package xcolor Info: Driver file: luatex.def on input line 274.

("D:/Program Files/MiKTeX/tex/latex/graphics/mathcolor.ltx")
Package xcolor Info: Model `cmy' substituted by `cmy0' on input line 1350.
Package xcolor Info: Model `hsb' substituted by `rgb' on input line 1354.
Package xcolor Info: Model `RGB' extended on input line 1366.
Package xcolor Info: Model `HTML' substituted by `rgb' on input line 1368.
Package xcolor Info: Model `Hsb' substituted by `hsb' on input line 1369.
Package xcolor Info: Model `tHsb' substituted by `hsb' on input line 1370.
Package xcolor Info: Model `HSB' substituted by `hsb' on input line 1371.
Package xcolor Info: Model `Gray' substituted by `gray' on input line 1372.
Package xcolor Info: Model `wave' substituted by `hsb' on input line 1373.
)
("D:/Program Files/MiKTeX/tex/generic/pgf/basiclayer/pgfcore.code.tex"
Package: pgfcore 2023-01-15 v3.1.10 (3.1.10)

("D:/Program Files/MiKTeX/tex/generic/pgf/math/pgfmath.code.tex"
("D:/Program Files/MiKTeX/tex/generic/pgf/math/pgfmathutil.code.tex")
("D:/Program Files/MiKTeX/tex/generic/pgf/math/pgfmathparser.code.tex"
\pgfmath@dimen=\dimen181
\pgfmath@count=\count308
\pgfmath@box=\box68
\pgfmath@toks=\toks36
\pgfmath@stack@operand=\toks37
\pgfmath@stack@operation=\toks38
)
("D:/Program Files/MiKTeX/tex/generic/pgf/math/pgfmathfunctions.code.tex")
("D:/Program Files/MiKTeX/tex/generic/pgf/math/pgfmathfunctions.basic.code.tex"
)
("D:/Program Files/MiKTeX/tex/generic/pgf/math/pgfmathfunctions.trigonometric.c
ode.tex")
("D:/Program Files/MiKTeX/tex/generic/pgf/math/pgfmathfunctions.random.code.tex
")
("D:/Program Files/MiKTeX/tex/generic/pgf/math/pgfmathfunctions.comparison.code
.tex")
("D:/Program Files/MiKTeX/tex/generic/pgf/math/pgfmathfunctions.base.code.tex") ("D:/Program Files/MiKTeX/tex/generic/pgf/math/pgfmathfunctions.round.code.tex") ("D:/Program Files/MiKTeX/tex/generic/pgf/math/pgfmathfunctions.misc.code.tex")
("D:/Program Files/MiKTeX/tex/generic/pgf/math/pgfmathfunctions.integerarithmet
ics.code.tex")
("D:/Program Files/MiKTeX/tex/generic/pgf/math/pgfmathcalc.code.tex")
("D:/Program Files/MiKTeX/tex/generic/pgf/math/pgfmathfloat.code.tex"
\c@pgfmathroundto@lastzeros=\count309
))
("D:/Program Files/MiKTeX/tex/generic/pgf/math/pgfint.code.tex")
("D:/Program Files/MiKTeX/tex/generic/pgf/basiclayer/pgfcorepoints.code.tex"
File: pgfcorepoints.code.tex 2023-01-15 v3.1.10 (3.1.10)
\pgf@picminx=\dimen182
\pgf@picmaxx=\dimen183
\pgf@picminy=\dimen184
\pgf@picmaxy=\dimen185
\pgf@pathminx=\dimen186
\pgf@pathmaxx=\dimen187
\pgf@pathminy=\dimen188
\pgf@pathmaxy=\dimen189
\pgf@xx=\dimen190
\pgf@xy=\dimen191
\pgf@yx=\dimen192
\pgf@yy=\dimen193
\pgf@zx=\dimen194
\pgf@zy=\dimen195
)
("D:/Program Files/MiKTeX/tex/generic/pgf/basiclayer/pgfcorepathconstruct.code.
tex"
File: pgfcorepathconstruct.code.tex 2023-01-15 v3.1.10 (3.1.10)
\pgf@path@lastx=\dimen196
\pgf@path@lasty=\dimen197
)
("D:/Program Files/MiKTeX/tex/generic/pgf/basiclayer/pgfcorepathusage.code.tex"
File: pgfcorepathusage.code.tex 2023-01-15 v3.1.10 (3.1.10)
\pgf@shorten@end@additional=\dimen198
\pgf@shorten@start@additional=\dimen199
) ("D:/Program Files/MiKTeX/tex/generic/pgf/basiclayer/pgfcorescopes.code.tex"
File: pgfcorescopes.code.tex 2023-01-15 v3.1.10 (3.1.10)
\pgfpic=\box69
\pgf@hbox=\box70
\pgf@layerbox@main=\box71
\pgf@picture@serial@count=\count310
)
("D:/Program Files/MiKTeX/tex/generic/pgf/basiclayer/pgfcoregraphicstate.code.t
ex"
File: pgfcoregraphicstate.code.tex 2023-01-15 v3.1.10 (3.1.10)
\pgflinewidth=\dimen256
)
("D:/Program Files/MiKTeX/tex/generic/pgf/basiclayer/pgfcoretransformations.cod
e.tex"
File: pgfcoretransformations.code.tex 2023-01-15 v3.1.10 (3.1.10)
\pgf@pt@x=\dimen257
\pgf@pt@y=\dimen258
\pgf@pt@temp=\dimen259
)
("D:/Program Files/MiKTeX/tex/generic/pgf/basiclayer/pgfcorequick.code.tex"
File: pgfcorequick.code.tex 2023-01-15 v3.1.10 (3.1.10)
)
("D:/Program Files/MiKTeX/tex/generic/pgf/basiclayer/pgfcoreobjects.code.tex"
File: pgfcoreobjects.code.tex 2023-01-15 v3.1.10 (3.1.10)
)
("D:/Program Files/MiKTeX/tex/generic/pgf/basiclayer/pgfcorepathprocessing.code
.tex"
File: pgfcorepathprocessing.code.tex 2023-01-15 v3.1.10 (3.1.10)
)
("D:/Program Files/MiKTeX/tex/generic/pgf/basiclayer/pgfcorearrows.code.tex"
File: pgfcorearrows.code.tex 2023-01-15 v3.1.10 (3.1.10)
\pgfarrowsep=\dimen260
)
("D:/Program Files/MiKTeX/tex/generic/pgf/basiclayer/pgfcoreshade.code.tex"
File: pgfcoreshade.code.tex 2023-01-15 v3.1.10 (3.1.10)
\pgf@max=\dimen261
\pgf@sys@shading@range@num=\count311
\pgf@shadingcount=\count312
)
("D:/Program Files/MiKTeX/tex/generic/pgf/basiclayer/pgfcoreimage.code.tex"
File: pgfcoreimage.code.tex 2023-01-15 v3.1.10 (3.1.10)
)
("D:/Program Files/MiKTeX/tex/generic/pgf/basiclayer/pgfcoreexternal.code.tex"
File: pgfcoreexternal.code.tex 2023-01-15 v3.1.10 (3.1.10)
\pgfexternal@startupbox=\box72
) ("D:/Program Files/MiKTeX/tex/generic/pgf/basiclayer/pgfcorelayers.code.tex"
File: pgfcorelayers.code.tex 2023-01-15 v3.1.10 (3.1.10)
)
("D:/Program Files/MiKTeX/tex/generic/pgf/basiclayer/pgfcoretransparency.code.t
ex"
File: pgfcoretransparency.code.tex 2023-01-15 v3.1.10 (3.1.10)
)
("D:/Program Files/MiKTeX/tex/generic/pgf/basiclayer/pgfcorepatterns.code.tex"
File: pgfcorepatterns.code.tex 2023-01-15 v3.1.10 (3.1.10)
) ("D:/Program Files/MiKTeX/tex/generic/pgf/basiclayer/pgfcorerdf.code.tex"
File: pgfcorerdf.code.tex 2023-01-15 v3.1.10 (3.1.10)
)))
("D:/Program Files/MiKTeX/tex/generic/pgf/modules/pgfmoduleshapes.code.tex"
File: pgfmoduleshapes.code.tex 2023-01-15 v3.1.10 (3.1.10)
\pgfnodeparttextbox=\box73
)
("D:/Program Files/MiKTeX/tex/generic/pgf/modules/pgfmoduleplot.code.tex"
File: pgfmoduleplot.code.tex 2023-01-15 v3.1.10 (3.1.10)
)
("D:/Program Files/MiKTeX/tex/latex/pgf/compatibility/pgfcomp-version-0-65.sty"
Package: pgfcomp-version-0-65 2023-01-15 v3.1.10 (3.1.10)
\pgf@nodesepstart=\dimen262
\pgf@nodesepend=\dimen263
) ("D:/Program Files/MiKTeX/tex/latex/pgf/compatibility/pgfcomp-version-1-18.st
y"
Package: pgfcomp-version-1-18 2023-01-15 v3.1.10 (3.1.10)
)) ("D:/Program Files/MiKTeX/tex/latex/pgf/utilities/pgffor.sty"
("D:/Program Files/MiKTeX/tex/latex/pgf/utilities/pgfkeys.sty"
("D:/Program Files/MiKTeX/tex/generic/pgf/utilities/pgfkeys.code.tex"))
("D:/Program Files/MiKTeX/tex/latex/pgf/math/pgfmath.sty"
("D:/Program Files/MiKTeX/tex/generic/pgf/math/pgfmath.code.tex"))
("D:/Program Files/MiKTeX/tex/generic/pgf/utilities/pgffor.code.tex"
Package: pgffor 2023-01-15 v3.1.10 (3.1.10)
\pgffor@iter=\dimen264
\pgffor@skip=\dimen265
\pgffor@stack=\toks39
\pgffor@toks=\toks40
))
("D:/Program Files/MiKTeX/tex/generic/pgf/frontendlayer/tikz/tikz.code.tex"
Package: tikz 2023-01-15 v3.1.10 (3.1.10)

("D:/Program Files/MiKTeX/tex/generic/pgf/libraries/pgflibraryplothandlers.code
.tex"
File: pgflibraryplothandlers.code.tex 2023-01-15 v3.1.10 (3.1.10)
\pgf@plot@mark@count=\count313
\pgfplotmarksize=\dimen266
)
\tikz@lastx=\dimen267
\tikz@lasty=\dimen268
\tikz@lastxsaved=\dimen269
\tikz@lastysaved=\dimen270
\tikz@lastmovetox=\dimen271
\tikz@lastmovetoy=\dimen272
\tikzleveldistance=\dimen273
\tikzsiblingdistance=\dimen274
\tikz@figbox=\box74
\tikz@figbox@bg=\box75
\tikz@tempbox=\box76
\tikz@tempbox@bg=\box77
\tikztreelevel=\count314
\tikznumberofchildren=\count315
\tikznumberofcurrentchild=\count316
\tikz@fig@count=\count317

("D:/Program Files/MiKTeX/tex/generic/pgf/modules/pgfmodulematrix.code.tex"
File: pgfmodulematrix.code.tex 2023-01-15 v3.1.10 (3.1.10)
\pgfmatrixcurrentrow=\count318
\pgfmatrixcurrentcolumn=\count319
\pgf@matrix@numberofcolumns=\count320
)
\tikz@expandcount=\count321

("D:/Program Files/MiKTeX/tex/generic/pgf/frontendlayer/tikz/libraries/tikzlibr
arytopaths.code.tex"
File: tikzlibrarytopaths.code.tex 2023-01-15 v3.1.10 (3.1.10)
)))
("D:/Program Files/MiKTeX/tex/generic/pgf/frontendlayer/tikz/libraries/tikzlibr
arycalc.code.tex"
File: tikzlibrarycalc.code.tex 2023-01-15 v3.1.10 (3.1.10)
)
Inserting `custom_math_constants' in `mathfont.add_math_constants'.
\c@firstContentPageIndex=\count322
\customfontsize=\skip53
LaTeX Info: Redefining \title on input line 95.
LaTeX Info: Redefining \year on input line 98.
\c@chapter=\count323
\c@section=\count324
\c@subsection=\count325
\c@a@figure=\count326
\c@a@table=\count327
\c@bibitem=\count328
) ("D:/Program Files/MiKTeX/tex/latex/amsfonts/amssymb.sty"
Package: amssymb 2013/01/14 v3.01 AMS font symbols

("D:/Program Files/MiKTeX/tex/latex/amsfonts/amsfonts.sty"
Package: amsfonts 2013/01/14 v3.01 Basic AMSFonts support
\symAMSa=\mathgroup4
\symAMSb=\mathgroup5
LaTeX Font Info:    Redeclaring math symbol \hbar on input line 98.
LaTeX Font Info:    Overwriting math alphabet `\mathfrak' in version `bold'
(Font)                  U/euf/m/n --> U/euf/b/n on input line 106.
))
(C:/Users/JS/AppData/Roaming/MiKTeX/tex/latex/caption/caption.sty
Package: caption 2023/08/05 v3.6o Customizing captions (AR)

(C:/Users/JS/AppData/Roaming/MiKTeX/tex/latex/caption/caption3.sty
Package: caption3 2023/07/31 v2.4d caption3 kernel (AR)
\caption@tempdima=\dimen275
\captionmargin=\dimen276
\caption@leftmargin=\dimen277
\caption@rightmargin=\dimen278
\caption@width=\dimen279
\caption@indent=\dimen280
\caption@parindent=\dimen281
\caption@hangindent=\dimen282
\abovecaptionskip=\skip54
\belowcaptionskip=\skip55
Package caption Info: Document class w/o caption stuff detected.
)
\c@caption@flags=\count329
\c@continuedfloat=\count330
Package caption Info: float package is loaded.
)
(C:/Users/JS/AppData/Roaming/MiKTeX/tex/latex/caption/subcaption.sty
Package: subcaption 2023/07/28 v1.6b Sub-captions (AR)
)
(C:/Users/JS/AppData/Roaming/MiKTeX/tex/latex/algorithms/algorithm.sty
Package: algorithm 2009/08/24 v0.1 Document Style `algorithm' - floating enviro
nment

("D:/Program Files/MiKTeX/tex/latex/base/ifthen.sty"
Package: ifthen 2022/04/13 v1.1d Standard LaTeX ifthen package (DPC)
)
\@float@every@algorithm=\toks41
\c@algorithm=\count331
)
(C:/Users/JS/AppData/Roaming/MiKTeX/tex/latex/algorithmicx/algpseudocode.sty
Package: algpseudocode 

(C:/Users/JS/AppData/Roaming/MiKTeX/tex/latex/algorithmicx/algorithmicx.sty
Package: algorithmicx 2005/04/27 v1.2 Algorithmicx

Document Style algorithmicx 1.2 - a greatly improved `algorithmic' style
\c@ALG@line=\count332
\c@ALG@rem=\count333
\c@ALG@nested=\count334
\ALG@tlm=\skip56
\ALG@thistlm=\skip57
\c@ALG@Lnr=\count335
\c@ALG@blocknr=\count336
\c@ALG@storecount=\count337
\c@ALG@tmpcounter=\count338
\ALG@tmplength=\skip58
)
Document Style - pseudocode environments for use with the `algorithmicx' style
) ("D:/Program Files/MiKTeX/tex/latex/hyperref/hyperref.sty"
Package: hyperref 2023-11-26 v7.01g Hypertext links for LaTeX

(C:/Users/JS/AppData/Roaming/MiKTeX/tex/latex/kvsetkeys/kvsetkeys.sty
Package: kvsetkeys 2022-10-05 v1.19 Key value parser (HO)
)
(C:/Users/JS/AppData/Roaming/MiKTeX/tex/generic/kvdefinekeys/kvdefinekeys.sty
Package: kvdefinekeys 2019-12-19 v1.6 Define keys (HO)
)
(C:/Users/JS/AppData/Roaming/MiKTeX/tex/generic/pdfescape/pdfescape.sty
Package: pdfescape 2019/12/09 v1.15 Implements pdfTeX's escape features (HO)
)
(C:/Users/JS/AppData/Roaming/MiKTeX/tex/latex/hycolor/hycolor.sty
Package: hycolor 2020-01-27 v1.10 Color options for hyperref/bookmark (HO)
)
(C:/Users/JS/AppData/Roaming/MiKTeX/tex/latex/letltxmacro/letltxmacro.sty
Package: letltxmacro 2019/12/03 v1.6 Let assignment for LaTeX macros (HO)
)
(C:/Users/JS/AppData/Roaming/MiKTeX/tex/latex/auxhook/auxhook.sty
Package: auxhook 2019-12-17 v1.6 Hooks for auxiliary files (HO)
)
("D:/Program Files/MiKTeX/tex/latex/hyperref/nameref.sty"
Package: nameref 2023-11-26 v2.56 Cross-referencing by name of section

(C:/Users/JS/AppData/Roaming/MiKTeX/tex/latex/refcount/refcount.sty
Package: refcount 2019/12/15 v3.6 Data extraction from label references (HO)
)
(C:/Users/JS/AppData/Roaming/MiKTeX/tex/generic/gettitlestring/gettitlestring.s
ty
Package: gettitlestring 2019/12/15 v1.6 Cleanup title references (HO)
 (C:/Users/JS/AppData/Roaming/MiKTeX/tex/latex/kvoptions/kvoptions.sty
Package: kvoptions 2022-06-15 v3.15 Key value format for package options (HO)
))
\c@section@level=\count339
)
\@linkdim=\dimen283
\Hy@linkcounter=\count340
\Hy@pagecounter=\count341

("D:/Program Files/MiKTeX/tex/latex/hyperref/pd1enc.def"
File: pd1enc.def 2023-11-26 v7.01g Hyperref: PDFDocEncoding definition (HO)
)
(C:/Users/JS/AppData/Roaming/MiKTeX/tex/generic/intcalc/intcalc.sty
Package: intcalc 2019/12/15 v1.3 Expandable calculations with integers (HO)
)
\Hy@SavedSpaceFactor=\count342

("D:/Program Files/MiKTeX/tex/latex/hyperref/puenc.def"
File: puenc.def 2023-11-26 v7.01g Hyperref: PDF Unicode definition (HO)
)
Package hyperref Info: Option `colorlinks' set `true' on input line 4064.
Package hyperref Info: Option `bookmarks' set `true' on input line 4064.
Package hyperref Info: Option `bookmarksopen' set `true' on input line 4064.
Package hyperref Info: Hyper figures OFF on input line 4181.
Package hyperref Info: Link nesting OFF on input line 4186.
Package hyperref Info: Hyper index ON on input line 4189.
Package hyperref Info: Plain pages OFF on input line 4196.
Package hyperref Info: Backreferencing OFF on input line 4201.
Package hyperref Info: Implicit mode ON; LaTeX internals redefined.
Package hyperref Info: Bookmarks ON on input line 4448.
\c@Hy@tempcnt=\count343

("D:/Program Files/MiKTeX/tex/latex/url/url.sty"
\Urlmuskip=\muskip18
Package: url 2013/09/16  ver 3.4  Verb mode for urls, etc.
)
LaTeX Info: Redefining \url on input line 4786.
\XeTeXLinkMargin=\dimen284

(C:/Users/JS/AppData/Roaming/MiKTeX/tex/generic/bitset/bitset.sty
Package: bitset 2019/12/09 v1.3 Handle bit-vector datatype (HO)

(C:/Users/JS/AppData/Roaming/MiKTeX/tex/generic/bigintcalc/bigintcalc.sty
Package: bigintcalc 2019/12/15 v1.5 Expandable calculations on big integers (HO
)
))
\Fld@menulength=\count344
\Field@Width=\dimen285
\Fld@charsize=\dimen286
Package hyperref Info: Hyper figures OFF on input line 6065.
Package hyperref Info: Link nesting OFF on input line 6070.
Package hyperref Info: Hyper index ON on input line 6073.
Package hyperref Info: backreferencing OFF on input line 6080.
Package hyperref Info: Link coloring ON on input line 6083.
Package hyperref Info: Link coloring with OCG OFF on input line 6090.
Package hyperref Info: PDF/A mode OFF on input line 6095.

("D:/Program Files/MiKTeX/tex/latex/base/atbegshi-ltx.sty"
Package: atbegshi-ltx 2021/01/10 v1.0c Emulation of the original atbegshi
package with kernel methods
)
\Hy@abspage=\count345
\c@Item=\count346
\c@Hfootnote=\count347
)
Package hyperref Info: Driver (autodetected): hluatex.

("D:/Program Files/MiKTeX/tex/latex/hyperref/hluatex.def"
File: hluatex.def 2023-11-26 v7.01g Hyperref driver for luaTeX

(C:/Users/JS/AppData/Roaming/MiKTeX/tex/generic/stringenc/stringenc.sty
Package: stringenc 2019/11/29 v1.12 Convert strings between diff. encodings (HO
)
)
("D:/Program Files/MiKTeX/tex/latex/base/atveryend-ltx.sty"
Package: atveryend-ltx 2020/08/19 v1.0a Emulation of the original atveryend pac
kage
with kernel methods
)
\Fld@listcount=\count348
\c@bookmark@seq@number=\count349

(C:/Users/JS/AppData/Roaming/MiKTeX/tex/latex/rerunfilecheck/rerunfilecheck.sty
Package: rerunfilecheck 2025-06-21 v1.11 Rerun checks for auxiliary files (HO)

(C:/Users/JS/AppData/Roaming/MiKTeX/tex/generic/uniquecounter/uniquecounter.sty
Package: uniquecounter 2019/12/15 v1.4 Provide unlimited unique counter (HO)
)
Package uniquecounter Info: New unique counter `rerunfilecheck' on input line 2
84.
)
\Hy@SectionHShift=\skip59
)
Package translations Info: No language package found. I am going to use `englis
h' as default language. on input line 17.
 (./main.aux)
\openout1 = main.aux

LaTeX Font Info:    Checking defaults for OML/cmm/m/it on input line 17.
LaTeX Font Info:    ... okay on input line 17.
LaTeX Font Info:    Checking defaults for OMS/cmsy/m/n on input line 17.
LaTeX Font Info:    ... okay on input line 17.
LaTeX Font Info:    Checking defaults for OT1/cmr/m/n on input line 17.
LaTeX Font Info:    ... okay on input line 17.
LaTeX Font Info:    Checking defaults for T1/cmr/m/n on input line 17.
LaTeX Font Info:    ... okay on input line 17.
LaTeX Font Info:    Checking defaults for TS1/cmr/m/n on input line 17.
LaTeX Font Info:    Trying to load font information for TS1+cmr on input line 1
7.
 ("D:/Program Files/MiKTeX/tex/latex/base/ts1cmr.fd"
File: ts1cmr.fd 2023/04/13 v2.5m Standard LaTeX font definitions
)
LaTeX Font Info:    ... okay on input line 17.
LaTeX Font Info:    Checking defaults for TU/lmr/m/n on input line 17.
LaTeX Font Info:    ... okay on input line 17.
LaTeX Font Info:    Checking defaults for OMX/cmex/m/n on input line 17.
LaTeX Font Info:    ... okay on input line 17.
LaTeX Font Info:    Checking defaults for U/cmr/m/n on input line 17.
LaTeX Font Info:    ... okay on input line 17.
LaTeX Font Info:    Checking defaults for PD1/pdf/m/n on input line 17.
LaTeX Font Info:    ... okay on input line 17.
LaTeX Font Info:    Checking defaults for PU/pdf/m/n on input line 17.
LaTeX Font Info:    ... okay on input line 17.

*geometry* driver: auto-detecting
*geometry* detected driver: luatex
*geometry* verbose mode - [ preamble ] result:
* driver: luatex
* paper: a4paper
* layout: <same size as paper>
* layoutoffset:(h,v)=(0.0pt,0.0pt)
* modes: includefoot 
* h-part:(L,W,R)=(85.35826pt, 455.24411pt, 56.9055pt)
* v-part:(T,H,B)=(71.13188pt, 717.00946pt, 56.9055pt)
* \paperwidth=597.50787pt
* \paperheight=845.04684pt
* \textwidth=455.24411pt
* \textheight=688.55672pt
* \oddsidemargin=13.08827pt
* \evensidemargin=13.08827pt
* \topmargin=-49.23822pt
* \headheight=15.60004pt
* \headsep=32.50008pt
* \topskip=13.00003pt
* \footskip=28.45274pt
* \marginparwidth=0.0pt
* \marginparsep=0.0pt
* \columnsep=0.0pt
* \skip\footins=12.0pt plus 4.0pt minus 4.0pt
* \hoffset=0.0pt
* \voffset=0.0pt
* \mag=1000
* \@twocolumnfalse
* \@twosidefalse
* \@mparswitchfalse
* \@reversemarginfalse
* (1in=72.27pt=25.4mm, 1cm=28.453pt)

("D:/Program Files/MiKTeX/tex/context/base/mkii/supp-pdf.mkii"
[Loading MPS to PDF converter (version 2006.09.02).]
\scratchcounter=\count350
\scratchdimen=\dimen287
\scratchbox=\box78
\nofMPsegments=\count351
\nofMParguments=\count352
\everyMPshowfont=\toks42
\MPscratchCnt=\count353
\MPscratchDim=\dimen288
\MPnumerator=\count354
\makeMPintoPDFobject=\count355
\everyMPtoPDFconversion=\toks43
) ("D:/Program Files/MiKTeX/tex/latex/epstopdf-pkg/epstopdf-base.sty"
Package: epstopdf-base 2020-01-24 v2.11 Base part for package epstopdf
Package epstopdf-base Info: Redefining graphics rule for `.eps' on input line 4
85.

("D:/Program Files/MiKTeX/tex/latex/00miktex/epstopdf-sys.cfg"
File: epstopdf-sys.cfg 2021/03/18 v2.0 Configuration of epstopdf for MiKTeX
))
Package mathfont Info: Restoring \Umathcode values for \mathbb.
Package mathfont Info: Restoring \Umathcode values for \mathcal.
Package mathfont Info: Restoring \Umathcode values for \mathfrak.

********************************************
* Changes made by mathfont in the preamble *
********************************************

Fonts for character classes:
upper               No change
lower               No change
diacritics          No change
greekupper          No change
greeklower          No change
agreekupper         No change
agreeklower         No change
cyrillicupper       No change
cyrilliclower       No change
hebrew              No change
digits              No change
operator            No change
delimiters          No change
radical             No change
bigops              No change
extbigops           No change
symbols             No change
extsymbols          No change
arrows              No change
bb                  No change
cal                 No change
frak                No change
bcal                No change
bfrak               No change

Local font-change commands:
No local font change commands declared.


(C:/Users/JS/AppData/Roaming/MiKTeX/tex/latex/translations/dicts/translations-b
asic-dictionary-english.trsl
File: translations-basic-dictionary-english.trsl (english translation file `tra
nslations-basic-dictionary')
)
Package translations Info: loading dictionary `translations-basic-dictionary' f
or `english'. on input line 17.
Package caption Info: Begin \AtBeginDocument code.
Package caption Info: hyperref package is loaded.
Package caption Info: End \AtBeginDocument code.
Package hyperref Info: Link coloring ON on input line 17.
 (./main.out) (./main.out)
\@outlinefile=\write4

\openout4 = main.out
Package mathfont Info: Adjusting font LMRoman12-Regular.
Package mathfont Info: Adjusting font LMRoman12-Bold.
<UET logo.pdf, id=258, 142.26378pt x 142.26378pt>
File: UET logo.pdf Graphic file (type pdf)
<use UET logo.pdf>
Package luatex.def Info: UET logo.pdf  used on input line 28.
(luatex.def)             Requested size: 85.35892pt x 85.35892pt.
Package mathfont Info: Adjusting font LMRoman12-Regular.
Package mathfont Info: Adjusting font LMRoman12-Bold.
Package mathfont Info: Adjusting font LMRoman17-Regular.
Package mathfont Info: Adjusting font LMRoman12-Bold. [1{C:/Users/JS/AppData/Loc
al/MiKTeX/fonts/map/pdftex/pdftex.map}<./UET logo.pdf>] [2

]
Package mathfont Info: Adjusting font LMRoman12-Regular.
LaTeX Font Info:    Calculating math sizes for size <13> on input line 54.


LaTeX Font Warning: Font shape `OT1/cmr/m/n' in size <13> not available
(Font)              size <12> substituted on input line 54.


LaTeX Font Warning: Font shape `OT1/cmr/m/n' in size <6.5> not available
(Font)              size <6> substituted on input line 54.


LaTeX Font Warning: Font shape `OML/cmm/m/it' in size <13> not available
(Font)              size <12> substituted on input line 54.


LaTeX Font Warning: Font shape `OML/cmm/m/it' in size <6.5> not available
(Font)              size <6> substituted on input line 54.


LaTeX Font Warning: Font shape `OMS/cmsy/m/n' in size <13> not available
(Font)              size <12> substituted on input line 54.


LaTeX Font Warning: Font shape `OMS/cmsy/m/n' in size <6.5> not available
(Font)              size <6> substituted on input line 54.

LaTeX Font Info:    Trying to load font information for U+msa on input line 54.

("D:/Program Files/MiKTeX/tex/latex/amsfonts/umsa.fd"
File: umsa.fd 2013/01/14 v3.01 AMS symbols A
)
LaTeX Font Info:    Trying to load font information for U+msb on input line 54.


("D:/Program Files/MiKTeX/tex/latex/amsfonts/umsb.fd"
File: umsb.fd 2013/01/14 v3.01 AMS symbols B
) [3


] [4

]
Package mathfont Info: Adjusting font LMRoman12-Italic.
Package mathfont Info: Adjusting font LMRoman10-BoldItalic. [5

]
Package mathfont Info: Adjusting font LMRoman17-Regular.
Package mathfont Info: Adjusting font LMRoman12-Bold. (./main.toc
LaTeX Font Info:    Calculating math sizes for size <13.00003> on input line 1.



LaTeX Font Warning: Font shape `OT1/cmr/m/n' in size <13.00003> not available
(Font)              size <12> substituted on input line 1.


LaTeX Font Warning: Font shape `OT1/cmr/m/n' in size <6.50002> not available
(Font)              size <7> substituted on input line 1.


LaTeX Font Warning: Font shape `OML/cmm/m/it' in size <13.00003> not available
(Font)              size <12> substituted on input line 1.


LaTeX Font Warning: Font shape `OML/cmm/m/it' in size <6.50002> not available
(Font)              size <7> substituted on input line 1.


LaTeX Font Warning: Font shape `OMS/cmsy/m/n' in size <13.00003> not available
(Font)              size <12> substituted on input line 1.


LaTeX Font Warning: Font shape `OMS/cmsy/m/n' in size <6.50002> not available
(Font)              size <7> substituted on input line 1.

[6

] [7])
\tf@toc=\write5

\openout5 = main.toc
 [8] (./main.lof)
\tf@lof=\write6

\openout6 = main.lof
 [9

] (./main.lot)
\tf@lot=\write7

\openout7 = main.lot
 [10

] [11

]
Package mathfont Info: Adjusting font LMRoman17-Regular.
Package mathfont Info: Adjusting font LMRoman12-Bold. [1



] [2]
Package mathfont Info: Adjusting font LMRoman17-Regular.
Package mathfont Info: Adjusting font LMRoman12-Bold.
Underfull \hbox (badness 10000) in paragraph at lines 156--156
\TU/lmr/bx/n/15.60004 1.2.1. Phương pháp dựa trên đếm (Count-based
 []

[3] [4] [5] [6]
Package mathfont Info: Adjusting font LMRoman12-Italic. [7

]
Underfull \hbox (badness 1365) in paragraph at lines 240--240
\TU/lmr/bx/n/15.60004 2.1.4. Hàm giá trị (Value Function) và Hàm lợi th
ế
 []

[8]
Underfull \hbox (badness 1436) in paragraph at lines 277--277
\TU/lmr/bx/n/18.20004 2.2. Thuật toán Proximal Policy Optimization
 []

Package mathfont Info: Adjusting font LMRoman9-Regular.
Package mathfont Info: Adjusting font LMRoman7-Regular. [9] [10] [11] [12] [13]
 [14

] [15] [16]
Package hyperref Info: bookmark level for unknown algorithm defaults to 0 on in
put line 513.
Package mathfont Info: Adjusting font LMRoman10-Regular. [17] [18] [19

]
Package mathfont Info: Adjusting font LMRoman12-Regular.
Package mathfont Info: Adjusting font LMRoman12-Bold.
Package hyperref Info: bookmark level for unknown a@table defaults to 0 on inpu
t line 572.
 [20]
Overfull \hbox (11.84497pt too wide) in paragraph at lines 632--648
 [][] 
 []

Package mathfont Info: Adjusting font LMMono12-Regular.

Package hyperref Warning: Token not allowed in a PDF string (Unicode):
(hyperref)                removing `math shift' on input line 660.


Package hyperref Warning: Token not allowed in a PDF string (Unicode):
(hyperref)                removing `\lambda' on input line 660.


Package hyperref Warning: Token not allowed in a PDF string (Unicode):
(hyperref)                removing `math shift' on input line 660.

LaTeX Font Info:    Calculating math sizes for size <15.60004> on input line 66
0.

LaTeX Font Warning: Font shape `OT1/cmr/m/n' in size <15.60004> not available
(Font)              size <14.4> substituted on input line 660.


LaTeX Font Warning: Font shape `OML/cmm/m/it' in size <15.60004> not available
(Font)              size <14.4> substituted on input line 660.


LaTeX Font Warning: Font shape `OMS/cmsy/m/n' in size <15.60004> not available
(Font)              size <14.4> substituted on input line 660.

[21]
<figs/MiniGrid-DoorKey-5x5-v0/obs_coverage.png, id=577, 722.7pt x 433.62pt>
File: figs/MiniGrid-DoorKey-5x5-v0/obs_coverage.png Graphic file (type png)
<use figs/MiniGrid-DoorKey-5x5-v0/obs_coverage.png>
Package luatex.def Info: figs/MiniGrid-DoorKey-5x5-v0/obs_coverage.png  used on
 input line 682.
(luatex.def)             Requested size: 204.85846pt x 122.91472pt.
<figs/MiniGrid-DoorKey-6x6-v0/obs_coverage.png, id=578, 722.7pt x 433.62pt>
File: figs/MiniGrid-DoorKey-6x6-v0/obs_coverage.png Graphic file (type png)
<use figs/MiniGrid-DoorKey-6x6-v0/obs_coverage.png>
Package luatex.def Info: figs/MiniGrid-DoorKey-6x6-v0/obs_coverage.png  used on
 input line 687.
(luatex.def)             Requested size: 204.85846pt x 122.91472pt.
<figs/MiniGrid-DoorKey-8x8-v0/obs_coverage.png, id=579, 722.7pt x 433.62pt>
File: figs/MiniGrid-DoorKey-8x8-v0/obs_coverage.png Graphic file (type png)
<use figs/MiniGrid-DoorKey-8x8-v0/obs_coverage.png>
Package luatex.def Info: figs/MiniGrid-DoorKey-8x8-v0/obs_coverage.png  used on
 input line 694.
(luatex.def)             Requested size: 204.85846pt x 122.91472pt.
<figs/MiniGrid-KeyCorridorS3R1-v0/obs_coverage.png, id=580, 722.7pt x 433.62pt>

File: figs/MiniGrid-KeyCorridorS3R1-v0/obs_coverage.png Graphic file (type png)

<use figs/MiniGrid-KeyCorridorS3R1-v0/obs_coverage.png>
Package luatex.def Info: figs/MiniGrid-KeyCorridorS3R1-v0/obs_coverage.png  use
d on input line 699.
(luatex.def)             Requested size: 204.85846pt x 122.91472pt.
<figs/MiniGrid-KeyCorridorS3R2-v0/obs_coverage.png, id=581, 722.7pt x 433.62pt>

File: figs/MiniGrid-KeyCorridorS3R2-v0/obs_coverage.png Graphic file (type png)

<use figs/MiniGrid-KeyCorridorS3R2-v0/obs_coverage.png>
Package luatex.def Info: figs/MiniGrid-KeyCorridorS3R2-v0/obs_coverage.png  use
d on input line 706.
(luatex.def)             Requested size: 204.85846pt x 122.91472pt.
<figs/MiniGrid-LavaCrossingS9N1-v0/obs_coverage.png, id=582, 722.7pt x 433.62pt
>
File: figs/MiniGrid-LavaCrossingS9N1-v0/obs_coverage.png Graphic file (type png
)
<use figs/MiniGrid-LavaCrossingS9N1-v0/obs_coverage.png>
Package luatex.def Info: figs/MiniGrid-LavaCrossingS9N1-v0/obs_coverage.png  us
ed on input line 711.
(luatex.def)             Requested size: 204.85846pt x 122.91472pt.
<figs/MiniGrid-LavaCrossingS9N2-v0/obs_coverage.png, id=583, 722.7pt x 433.62pt
>
File: figs/MiniGrid-LavaCrossingS9N2-v0/obs_coverage.png Graphic file (type png
)
<use figs/MiniGrid-LavaCrossingS9N2-v0/obs_coverage.png>
Package luatex.def Info: figs/MiniGrid-LavaCrossingS9N2-v0/obs_coverage.png  us
ed on input line 718.
(luatex.def)             Requested size: 204.85846pt x 122.91472pt.
<figs/MiniGrid-LavaCrossingS9N3-v0/obs_coverage.png, id=584, 722.7pt x 433.62pt
>
File: figs/MiniGrid-LavaCrossingS9N3-v0/obs_coverage.png Graphic file (type png
)
<use figs/MiniGrid-LavaCrossingS9N3-v0/obs_coverage.png>
Package luatex.def Info: figs/MiniGrid-LavaCrossingS9N3-v0/obs_coverage.png  us
ed on input line 723.
(luatex.def)             Requested size: 204.85846pt x 122.91472pt.
Package hyperref Info: bookmark level for unknown a@figure defaults to 0 on inp
ut line 725.
 [22]
<figs/MiniGrid-DoorKey-5x5-v0/pos_coverage.png, id=590, 722.7pt x 433.62pt>
File: figs/MiniGrid-DoorKey-5x5-v0/pos_coverage.png Graphic file (type png)
<use figs/MiniGrid-DoorKey-5x5-v0/pos_coverage.png>
Package luatex.def Info: figs/MiniGrid-DoorKey-5x5-v0/pos_coverage.png  used on
 input line 735.
(luatex.def)             Requested size: 204.85846pt x 122.91472pt.
<figs/MiniGrid-DoorKey-6x6-v0/pos_coverage.png, id=591, 722.7pt x 433.62pt>
File: figs/MiniGrid-DoorKey-6x6-v0/pos_coverage.png Graphic file (type png)
<use figs/MiniGrid-DoorKey-6x6-v0/pos_coverage.png>
Package luatex.def Info: figs/MiniGrid-DoorKey-6x6-v0/pos_coverage.png  used on
 input line 740.
(luatex.def)             Requested size: 204.85846pt x 122.91472pt.
<figs/MiniGrid-DoorKey-8x8-v0/pos_coverage.png, id=592, 722.7pt x 433.62pt>
File: figs/MiniGrid-DoorKey-8x8-v0/pos_coverage.png Graphic file (type png)
<use figs/MiniGrid-DoorKey-8x8-v0/pos_coverage.png>
Package luatex.def Info: figs/MiniGrid-DoorKey-8x8-v0/pos_coverage.png  used on
 input line 747.
(luatex.def)             Requested size: 204.85846pt x 122.91472pt.
<figs/MiniGrid-KeyCorridorS3R1-v0/pos_coverage.png, id=593, 722.7pt x 433.62pt>

File: figs/MiniGrid-KeyCorridorS3R1-v0/pos_coverage.png Graphic file (type png)

<use figs/MiniGrid-KeyCorridorS3R1-v0/pos_coverage.png>
Package luatex.def Info: figs/MiniGrid-KeyCorridorS3R1-v0/pos_coverage.png  use
d on input line 752.
(luatex.def)             Requested size: 204.85846pt x 122.91472pt.
<figs/MiniGrid-KeyCorridorS3R2-v0/pos_coverage.png, id=594, 722.7pt x 433.62pt>

File: figs/MiniGrid-KeyCorridorS3R2-v0/pos_coverage.png Graphic file (type png)

<use figs/MiniGrid-KeyCorridorS3R2-v0/pos_coverage.png>
Package luatex.def Info: figs/MiniGrid-KeyCorridorS3R2-v0/pos_coverage.png  use
d on input line 759.
(luatex.def)             Requested size: 204.85846pt x 122.91472pt.
<figs/MiniGrid-LavaCrossingS9N1-v0/pos_coverage.png, id=595, 722.7pt x 433.62pt
>
File: figs/MiniGrid-LavaCrossingS9N1-v0/pos_coverage.png Graphic file (type png
)
<use figs/MiniGrid-LavaCrossingS9N1-v0/pos_coverage.png>
Package luatex.def Info: figs/MiniGrid-LavaCrossingS9N1-v0/pos_coverage.png  us
ed on input line 764.
(luatex.def)             Requested size: 204.85846pt x 122.91472pt.
<figs/MiniGrid-LavaCrossingS9N2-v0/pos_coverage.png, id=596, 722.7pt x 433.62pt
>
File: figs/MiniGrid-LavaCrossingS9N2-v0/pos_coverage.png Graphic file (type png
)
<use figs/MiniGrid-LavaCrossingS9N2-v0/pos_coverage.png>
Package luatex.def Info: figs/MiniGrid-LavaCrossingS9N2-v0/pos_coverage.png  us
ed on input line 771.
(luatex.def)             Requested size: 204.85846pt x 122.91472pt.
<figs/MiniGrid-LavaCrossingS9N3-v0/pos_coverage.png, id=597, 722.7pt x 433.62pt
>
File: figs/MiniGrid-LavaCrossingS9N3-v0/pos_coverage.png Graphic file (type png
)
<use figs/MiniGrid-LavaCrossingS9N3-v0/pos_coverage.png>
Package luatex.def Info: figs/MiniGrid-LavaCrossingS9N3-v0/pos_coverage.png  us
ed on input line 776.
(luatex.def)             Requested size: 204.85846pt x 122.91472pt.
 [23<./figs/MiniGrid-DoorKey-5x5-v0/obs_coverage.png><./figs/MiniGrid-DoorKey-6x
6-v0/obs_coverage.png><./figs/MiniGrid-DoorKey-8x8-v0/obs_coverage.png><./figs/M
iniGrid-KeyCorridorS3R1-v0/obs_coverage.png><./figs/MiniGrid-KeyCorridorS3R2-v0/
obs_coverage.png><./figs/MiniGrid-LavaCrossingS9N1-v0/obs_coverage.png><./figs/M
iniGrid-LavaCrossingS9N2-v0/obs_coverage.png><./figs/MiniGrid-LavaCrossingS9N3-v
0/obs_coverage.png>]
<figs/MiniGrid-DoorKey-5x5-v0/episode_reward.png, id=611, 722.7pt x 433.62pt>
File: figs/MiniGrid-DoorKey-5x5-v0/episode_reward.png Graphic file (type png)
<use figs/MiniGrid-DoorKey-5x5-v0/episode_reward.png>
Package luatex.def Info: figs/MiniGrid-DoorKey-5x5-v0/episode_reward.png  used 
on input line 788.
(luatex.def)             Requested size: 204.85846pt x 122.91472pt.
<figs/MiniGrid-DoorKey-6x6-v0/episode_reward.png, id=612, 722.7pt x 433.62pt>
File: figs/MiniGrid-DoorKey-6x6-v0/episode_reward.png Graphic file (type png)
<use figs/MiniGrid-DoorKey-6x6-v0/episode_reward.png>
Package luatex.def Info: figs/MiniGrid-DoorKey-6x6-v0/episode_reward.png  used 
on input line 793.
(luatex.def)             Requested size: 204.85846pt x 122.91472pt.
<figs/MiniGrid-DoorKey-8x8-v0/episode_reward.png, id=613, 722.7pt x 433.62pt>
File: figs/MiniGrid-DoorKey-8x8-v0/episode_reward.png Graphic file (type png)
<use figs/MiniGrid-DoorKey-8x8-v0/episode_reward.png>
Package luatex.def Info: figs/MiniGrid-DoorKey-8x8-v0/episode_reward.png  used 
on input line 800.
(luatex.def)             Requested size: 204.85846pt x 122.91472pt.
<figs/MiniGrid-KeyCorridorS3R1-v0/episode_reward.png, id=614, 722.7pt x 433.62p
t>
File: figs/MiniGrid-KeyCorridorS3R1-v0/episode_reward.png Graphic file (type pn
g)
<use figs/MiniGrid-KeyCorridorS3R1-v0/episode_reward.png>
Package luatex.def Info: figs/MiniGrid-KeyCorridorS3R1-v0/episode_reward.png  u
sed on input line 805.
(luatex.def)             Requested size: 204.85846pt x 122.91472pt.
<figs/MiniGrid-KeyCorridorS3R2-v0/episode_reward.png, id=615, 722.7pt x 433.62p
t>
File: figs/MiniGrid-KeyCorridorS3R2-v0/episode_reward.png Graphic file (type pn
g)
<use figs/MiniGrid-KeyCorridorS3R2-v0/episode_reward.png>
Package luatex.def Info: figs/MiniGrid-KeyCorridorS3R2-v0/episode_reward.png  u
sed on input line 812.
(luatex.def)             Requested size: 204.85846pt x 122.91472pt.
<figs/MiniGrid-LavaCrossingS9N1-v0/episode_reward.png, id=616, 722.7pt x 433.62
pt>
File: figs/MiniGrid-LavaCrossingS9N1-v0/episode_reward.png Graphic file (type p
ng)
<use figs/MiniGrid-LavaCrossingS9N1-v0/episode_reward.png>
Package luatex.def Info: figs/MiniGrid-LavaCrossingS9N1-v0/episode_reward.png  
used on input line 817.
(luatex.def)             Requested size: 204.85846pt x 122.91472pt.
<figs/MiniGrid-LavaCrossingS9N2-v0/episode_reward.png, id=617, 722.7pt x 433.62
pt>
File: figs/MiniGrid-LavaCrossingS9N2-v0/episode_reward.png Graphic file (type p
ng)
<use figs/MiniGrid-LavaCrossingS9N2-v0/episode_reward.png>
Package luatex.def Info: figs/MiniGrid-LavaCrossingS9N2-v0/episode_reward.png  
used on input line 824.
(luatex.def)             Requested size: 204.85846pt x 122.91472pt.
<figs/MiniGrid-LavaCrossingS9N3-v0/episode_reward.png, id=618, 722.7pt x 433.62
pt>
File: figs/MiniGrid-LavaCrossingS9N3-v0/episode_reward.png Graphic file (type p
ng)
<use figs/MiniGrid-LavaCrossingS9N3-v0/episode_reward.png>
Package luatex.def Info: figs/MiniGrid-LavaCrossingS9N3-v0/episode_reward.png  
used on input line 829.
(luatex.def)             Requested size: 204.85846pt x 122.91472pt.
 [24<./figs/MiniGrid-DoorKey-5x5-v0/pos_coverage.png><./figs/MiniGrid-DoorKey-6x
6-v0/pos_coverage.png><./figs/MiniGrid-DoorKey-8x8-v0/pos_coverage.png><./figs/M
iniGrid-KeyCorridorS3R1-v0/pos_coverage.png><./figs/MiniGrid-KeyCorridorS3R2-v0/
pos_coverage.png><./figs/MiniGrid-LavaCrossingS9N1-v0/pos_coverage.png><./figs/M
iniGrid-LavaCrossingS9N2-v0/pos_coverage.png><./figs/MiniGrid-LavaCrossingS9N3-v
0/pos_coverage.png>]
<figs/MiniGrid-DoorKey-5x5-v0/avg_entropy.png, id=632, 722.7pt x 433.62pt>
File: figs/MiniGrid-DoorKey-5x5-v0/avg_entropy.png Graphic file (type png)
<use figs/MiniGrid-DoorKey-5x5-v0/avg_entropy.png>
Package luatex.def Info: figs/MiniGrid-DoorKey-5x5-v0/avg_entropy.png  used on 
input line 841.
(luatex.def)             Requested size: 204.85846pt x 122.91472pt.
<figs/MiniGrid-DoorKey-6x6-v0/avg_entropy.png, id=633, 722.7pt x 433.62pt>
File: figs/MiniGrid-DoorKey-6x6-v0/avg_entropy.png Graphic file (type png)
<use figs/MiniGrid-DoorKey-6x6-v0/avg_entropy.png>
Package luatex.def Info: figs/MiniGrid-DoorKey-6x6-v0/avg_entropy.png  used on 
input line 846.
(luatex.def)             Requested size: 204.85846pt x 122.91472pt.
<figs/MiniGrid-DoorKey-8x8-v0/avg_entropy.png, id=634, 722.7pt x 433.62pt>
File: figs/MiniGrid-DoorKey-8x8-v0/avg_entropy.png Graphic file (type png)
<use figs/MiniGrid-DoorKey-8x8-v0/avg_entropy.png>
Package luatex.def Info: figs/MiniGrid-DoorKey-8x8-v0/avg_entropy.png  used on 
input line 853.
(luatex.def)             Requested size: 204.85846pt x 122.91472pt.
<figs/MiniGrid-KeyCorridorS3R1-v0/avg_entropy.png, id=635, 722.7pt x 433.62pt>
File: figs/MiniGrid-KeyCorridorS3R1-v0/avg_entropy.png Graphic file (type png)
<use figs/MiniGrid-KeyCorridorS3R1-v0/avg_entropy.png>
Package luatex.def Info: figs/MiniGrid-KeyCorridorS3R1-v0/avg_entropy.png  used
 on input line 858.
(luatex.def)             Requested size: 204.85846pt x 122.91472pt.
<figs/MiniGrid-KeyCorridorS3R2-v0/avg_entropy.png, id=636, 722.7pt x 433.62pt>
File: figs/MiniGrid-KeyCorridorS3R2-v0/avg_entropy.png Graphic file (type png)
<use figs/MiniGrid-KeyCorridorS3R2-v0/avg_entropy.png>
Package luatex.def Info: figs/MiniGrid-KeyCorridorS3R2-v0/avg_entropy.png  used
 on input line 865.
(luatex.def)             Requested size: 204.85846pt x 122.91472pt.
<figs/MiniGrid-LavaCrossingS9N1-v0/avg_entropy.png, id=637, 722.7pt x 433.62pt>

File: figs/MiniGrid-LavaCrossingS9N1-v0/avg_entropy.png Graphic file (type png)

<use figs/MiniGrid-LavaCrossingS9N1-v0/avg_entropy.png>
Package luatex.def Info: figs/MiniGrid-LavaCrossingS9N1-v0/avg_entropy.png  use
d on input line 870.
(luatex.def)             Requested size: 204.85846pt x 122.91472pt.
<figs/MiniGrid-LavaCrossingS9N2-v0/avg_entropy.png, id=638, 722.7pt x 433.62pt>

File: figs/MiniGrid-LavaCrossingS9N2-v0/avg_entropy.png Graphic file (type png)

<use figs/MiniGrid-LavaCrossingS9N2-v0/avg_entropy.png>
Package luatex.def Info: figs/MiniGrid-LavaCrossingS9N2-v0/avg_entropy.png  use
d on input line 877.
(luatex.def)             Requested size: 204.85846pt x 122.91472pt.
<figs/MiniGrid-LavaCrossingS9N3-v0/avg_entropy.png, id=639, 722.7pt x 433.62pt>

File: figs/MiniGrid-LavaCrossingS9N3-v0/avg_entropy.png Graphic file (type png)

<use figs/MiniGrid-LavaCrossingS9N3-v0/avg_entropy.png>
Package luatex.def Info: figs/MiniGrid-LavaCrossingS9N3-v0/avg_entropy.png  use
d on input line 882.
(luatex.def)             Requested size: 204.85846pt x 122.91472pt.
 [25<./figs/MiniGrid-DoorKey-5x5-v0/episode_reward.png><./figs/MiniGrid-DoorKey-
6x6-v0/episode_reward.png><./figs/MiniGrid-DoorKey-8x8-v0/episode_reward.png><./
figs/MiniGrid-KeyCorridorS3R1-v0/episode_reward.png><./figs/MiniGrid-KeyCorridor
S3R2-v0/episode_reward.png><./figs/MiniGrid-LavaCrossingS9N1-v0/episode_reward.p
ng><./figs/MiniGrid-LavaCrossingS9N2-v0/episode_reward.png><./figs/MiniGrid-Lava
CrossingS9N3-v0/episode_reward.png>] [26<./figs/MiniGrid-DoorKey-5x5-v0/avg_entr
opy.png><./figs/MiniGrid-DoorKey-6x6-v0/avg_entropy.png><./figs/MiniGrid-DoorKey
-8x8-v0/avg_entropy.png><./figs/MiniGrid-KeyCorridorS3R1-v0/avg_entropy.png><./f
igs/MiniGrid-KeyCorridorS3R2-v0/avg_entropy.png><./figs/MiniGrid-LavaCrossingS9N
1-v0/avg_entropy.png><./figs/MiniGrid-LavaCrossingS9N2-v0/avg_entropy.png><./fig
s/MiniGrid-LavaCrossingS9N3-v0/avg_entropy.png>] [27] [28]

Package hyperref Warning: Token not allowed in a PDF string (Unicode):
(hyperref)                removing `math shift' on input line 942.


Package hyperref Warning: Token not allowed in a PDF string (Unicode):
(hyperref)                removing `\lambda' on input line 942.


Package hyperref Warning: Token not allowed in a PDF string (Unicode):
(hyperref)                removing `math shift' on input line 942.

[29] [30

] [31]
Underfull \hbox (badness 7203) in paragraph at lines 1008--1011
[]\TU/lmr/m/n/13.00003 Aya Kayal, Eduardo Pignatelli, and Laura Toni. \TU/lmr/m
/it/13.00003 The impact of
 []


Underfull \hbox (badness 3281) in paragraph at lines 1013--1016
[]\TU/lmr/m/n/13.00003 John Schulman, Filip Wolski, Prafulla Dhariwal, Alec Radf
ord, and
 []


Underfull \hbox (badness 1226) in paragraph at lines 1013--1016
\TU/lmr/m/n/13.00003 Oleg Klimov. \TU/lmr/m/it/13.00003 Proximal Policy Optimiza
tion Algorithms\TU/lmr/m/n/13.00003 . arXiv preprint
 []


Underfull \hbox (badness 1226) in paragraph at lines 1018--1021
\TU/lmr/m/it/13.00003 by Random Network Distillation\TU/lmr/m/n/13.00003 . Inter
national Conference on Learning
 []


Underfull \hbox (badness 1194) in paragraph at lines 1023--1026
[]\TU/lmr/m/n/13.00003 Yuri Burda, Harrison Edwards, Deepak Pathak, Amos Storkey
, Trevor
 []


Underfull \hbox (badness 1168) in paragraph at lines 1038--1041
[]\TU/lmr/m/n/13.00003 Jarryd Martin, Suraj Narayanan Sasikumar, Tom Everitt, an
d Marcus
 []


Underfull \hbox (badness 2680) in paragraph at lines 1038--1041
\TU/lmr/m/n/13.00003 Hutter. \TU/lmr/m/it/13.00003 Count-Based Exploration in Fe
ature Space for Reinforcement
 []


Underfull \hbox (badness 1354) in paragraph at lines 1043--1046
[]\TU/lmr/m/n/13.00003 Deepak Pathak, Pulkit Agrawal, Alexei A. Efros, and Trevo
r Darrell.
 []


Underfull \hbox (badness 3396) in paragraph at lines 1053--1056
[]\TU/lmr/m/n/13.00003 John Schulman, Sergey Levine, Pieter Abbeel, Michael Jord
an, and
 []

[32

] [33] (./main.aux)
 ***********
LaTeX2e <2023-11-01> patch level 1
L3 programming layer <2024-01-04>
 ***********


LaTeX Font Warning: Size substitutions with differences
(Font)              up to 1.20004pt have occurred.

Package rerunfilecheck Info: File `main.out' has not changed.
(rerunfilecheck)             Checksum: A4C047EC337C9234C1293580756501A7;16245.
)

Here is how much of LuaTeX's memory you used:
 30759 strings out of 476497
 125217,1977958 words of node,token memory allocated
 640 words of node memory still in use:
   6 hlist, 2 vlist, 2 rule, 2 glue, 4 kern, 1 glyph, 33 attribute, 55 glue_spec
, 33 attribute_list, 2 write, 5 pdf_action nodes
   avail lists: 1:1,2:580,3:197,4:132,5:328,6:89,7:6043,8:47,9:710,10:19,11:22
 51898 multiletter control sequences out of 65536+600000
 100 fonts using 10649695 bytes
 99i,10n,102p,1587b,1082s stack positions out of 10000i,1000n,20000p,200000b,200000s

warning  (pdf backend): unreferenced destination with name 'cite.schulman2017'

warning  (pdf backend): unreferenced destination with name 'cite.sutton2018'

warning  (pdf backend): unreferenced destination with name 'cite.kayal2025'

warning  (pdf backend): unreferenced destination with name 'cite.eysenbach2019'

warning  (pdf backend): unreferenced destination with name 'cite.burda2019curios
ity'

warning  (pdf backend): unreferenced destination with name 'cite.pathak2017'

warning  (pdf backend): unreferenced destination with name 'cite.martin2017'

warning  (pdf backend): unreferenced destination with name 'cite.bellemare2016'

warning  (pdf backend): unreferenced destination with name 'cite.andres2022'

warning  (pdf backend): unreferenced destination with name 'cite.burda2019'
<//?/d:/program files/miktex/fonts/opentype/public/lm/lmmono12-regular.otf><//?/
d:/program files/miktex/fonts/opentype/public/lm/lmroman10-regular.otf><//?/d:/p
rogram files/miktex/fonts/opentype/public/lm/lmroman7-regular.otf><//?/d:/progra
m files/miktex/fonts/opentype/public/lm/lmroman9-regular.otf><//?/d:/program fil
es/miktex/fonts/opentype/public/lm/lmroman12-italic.otf><//?/d:/program files/mi
ktex/fonts/opentype/public/lm/lmroman10-bolditalic.otf><//?/d:/program files/mik
tex/fonts/opentype/public/lm/lmroman12-regular.otf><//?/d:/program files/miktex/
fonts/opentype/public/lm/lmroman12-bold.otf><D:/Program Files/MiKTeX/fonts/type1
/public/amsfonts/cm/cmex10.pfb><D:/Program Files/MiKTeX/fonts/type1/public/amsfo
nts/cm/cmmi12.pfb><D:/Program Files/MiKTeX/fonts/type1/public/amsfonts/cm/cmmi7.
pfb><D:/Program Files/MiKTeX/fonts/type1/public/amsfonts/cm/cmmi9.pfb><D:/Progra
m Files/MiKTeX/fonts/type1/public/amsfonts/cm/cmr12.pfb><D:/Program Files/MiKTeX
/fonts/type1/public/amsfonts/cm/cmr9.pfb><D:/Program Files/MiKTeX/fonts/type1/pu
blic/amsfonts/cm/cmsy10.pfb><D:/Program Files/MiKTeX/fonts/type1/public/amsfonts
/cm/cmsy9.pfb><D:/Program Files/MiKTeX/fonts/type1/public/amsfonts/symbols/msbm1
0.pfb>
Output written on main.pdf (44 pages, 10619300 bytes).

PDF statistics: 790 PDF objects out of 1000 (max. 8388607)
 156 named destinations out of 1000 (max. 131072)
 520 words of extra memory for PDF output out of 10000 (max. 100000000)

